<?xml version="1.0" encoding="UTF-8" standalone="no"?>
<!DOCTYPE report PUBLIC "-//JACOCO//DTD Report 1.1//EN" "report.dtd"[]>
<report name="Pester (12/21/2025 07:37:26)">
  <sessioninfo id="this" start="1766302621664" dump="1766302646357" />
  <package name="src/FastPing">
    <class name="src/FastPing/Classes" sourcefilename="Classes.ps1">
      <method name="FastPingResponse" desc="()" line="29">
        <counter type="INSTRUCTION" missed="0" covered="23" />
        <counter type="LINE" missed="0" covered="16" />
        <counter type="METHOD" missed="0" covered="1" />
      </method>
      <counter type="INSTRUCTION" missed="0" covered="23" />
      <counter type="LINE" missed="0" covered="16" />
      <counter type="METHOD" missed="0" covered="1" />
      <counter type="CLASS" missed="0" covered="1" />
    </class>
    <sourcefile name="Classes.ps1">
      <line nr="29" mi="0" ci="1" mb="0" cb="0" />
      <line nr="30" mi="0" ci="1" mb="0" cb="0" />
      <line nr="31" mi="0" ci="1" mb="0" cb="0" />
      <line nr="33" mi="0" ci="1" mb="0" cb="0" />
      <line nr="35" mi="0" ci="1" mb="0" cb="0" />
      <line nr="36" mi="0" ci="1" mb="0" cb="0" />
      <line nr="37" mi="0" ci="1" mb="0" cb="0" />
      <line nr="38" mi="0" ci="1" mb="0" cb="0" />
      <line nr="40" mi="0" ci="1" mb="0" cb="0" />
      <line nr="42" mi="0" ci="1" mb="0" cb="0" />
      <line nr="43" mi="0" ci="1" mb="0" cb="0" />
      <line nr="46" mi="0" ci="2" mb="0" cb="0" />
      <line nr="47" mi="0" ci="2" mb="0" cb="0" />
      <line nr="48" mi="0" ci="3" mb="0" cb="0" />
      <line nr="49" mi="0" ci="3" mb="0" cb="0" />
      <line nr="50" mi="0" ci="2" mb="0" cb="0" />
      <counter type="INSTRUCTION" missed="0" covered="23" />
      <counter type="LINE" missed="0" covered="16" />
      <counter type="METHOD" missed="0" covered="1" />
      <counter type="CLASS" missed="0" covered="1" />
    </sourcefile>
    <counter type="INSTRUCTION" missed="0" covered="23" />
    <counter type="LINE" missed="0" covered="16" />
    <counter type="METHOD" missed="0" covered="1" />
    <counter type="CLASS" missed="0" covered="1" />
  </package>
  <package name="src/FastPing/Private">
    <class name="src/FastPing/Private/ConvertToDecimalIP" sourcefilename="ConvertToDecimalIP.ps1">
      <method name="ConvertToDecimalIP" desc="()" line="31">
        <counter type="INSTRUCTION" missed="0" covered="2" />
        <counter type="LINE" missed="0" covered="1" />
        <counter type="METHOD" missed="0" covered="1" />
      </method>
      <counter type="INSTRUCTION" missed="0" covered="2" />
      <counter type="LINE" missed="0" covered="1" />
      <counter type="METHOD" missed="0" covered="1" />
      <counter type="CLASS" missed="0" covered="1" />
    </class>
    <class name="src/FastPing/Private/ConvertToNetwork" sourcefilename="ConvertToNetwork.ps1">
      <method name="ConvertToNetwork" desc="()" line="31">
        <counter type="INSTRUCTION" missed="6" covered="31" />
        <counter type="LINE" missed="6" covered="30" />
        <counter type="METHOD" missed="0" covered="1" />
      </method>
      <counter type="INSTRUCTION" missed="6" covered="31" />
      <counter type="LINE" missed="6" covered="30" />
      <counter type="METHOD" missed="0" covered="1" />
      <counter type="CLASS" missed="0" covered="1" />
    </class>
    <class name="src/FastPing/Private/GetNetworkRange" sourcefilename="GetNetworkRange.ps1">
      <method name="GetNetworkRange" desc="()" line="52">
        <counter type="INSTRUCTION" missed="0" covered="19" />
        <counter type="LINE" missed="0" covered="15" />
        <counter type="METHOD" missed="0" covered="1" />
      </method>
      <counter type="INSTRUCTION" missed="0" covered="19" />
      <counter type="LINE" missed="0" covered="15" />
      <counter type="METHOD" missed="0" covered="1" />
      <counter type="CLASS" missed="0" covered="1" />
    </class>
    <sourcefile name="ConvertToDecimalIP.ps1">
      <line nr="31" mi="0" ci="2" mb="0" cb="0" />
      <counter type="INSTRUCTION" missed="0" covered="2" />
      <counter type="LINE" missed="0" covered="1" />
      <counter type="METHOD" missed="0" covered="1" />
      <counter type="CLASS" missed="0" covered="1" />
    </sourcefile>
    <sourcefile name="ConvertToNetwork.ps1">
      <line nr="31" mi="0" ci="1" mb="0" cb="0" />
      <line nr="32" mi="0" ci="1" mb="0" cb="0" />
      <line nr="67" mi="0" ci="1" mb="0" cb="0" />
      <line nr="68" mi="0" ci="1" mb="0" cb="0" />
      <line nr="69" mi="0" ci="1" mb="0" cb="0" />
      <line nr="70" mi="0" ci="1" mb="0" cb="0" />
      <line nr="71" mi="0" ci="1" mb="0" cb="0" />
      <line nr="75" mi="0" ci="2" mb="0" cb="0" />
      <line nr="76" mi="1" ci="0" mb="0" cb="0" />
      <line nr="79" mi="0" ci="1" mb="0" cb="0" />
      <line nr="80" mi="0" ci="1" mb="0" cb="0" />
      <line nr="84" mi="0" ci="1" mb="0" cb="0" />
      <line nr="85" mi="0" ci="1" mb="0" cb="0" />
      <line nr="88" mi="0" ci="1" mb="0" cb="0" />
      <line nr="89" mi="0" ci="1" mb="0" cb="0" />
      <line nr="91" mi="0" ci="1" mb="0" cb="0" />
      <line nr="97" mi="0" ci="1" mb="0" cb="0" />
      <line nr="101" mi="0" ci="1" mb="0" cb="0" />
      <line nr="102" mi="0" ci="1" mb="0" cb="0" />
      <line nr="103" mi="0" ci="1" mb="0" cb="0" />
      <line nr="105" mi="0" ci="1" mb="0" cb="0" />
      <line nr="106" mi="0" ci="1" mb="0" cb="0" />
      <line nr="107" mi="0" ci="1" mb="0" cb="0" />
      <line nr="108" mi="0" ci="1" mb="0" cb="0" />
      <line nr="109" mi="0" ci="1" mb="0" cb="0" />
      <line nr="111" mi="1" ci="0" mb="0" cb="0" />
      <line nr="117" mi="1" ci="0" mb="0" cb="0" />
      <line nr="120" mi="0" ci="1" mb="0" cb="0" />
      <line nr="121" mi="1" ci="0" mb="0" cb="0" />
      <line nr="123" mi="0" ci="1" mb="0" cb="0" />
      <line nr="125" mi="0" ci="1" mb="0" cb="0" />
      <line nr="126" mi="0" ci="1" mb="0" cb="0" />
      <line nr="127" mi="0" ci="1" mb="0" cb="0" />
      <line nr="129" mi="1" ci="0" mb="0" cb="0" />
      <line nr="135" mi="1" ci="0" mb="0" cb="0" />
      <line nr="140" mi="0" ci="1" mb="0" cb="0" />
      <counter type="INSTRUCTION" missed="6" covered="31" />
      <counter type="LINE" missed="6" covered="30" />
      <counter type="METHOD" missed="0" covered="1" />
      <counter type="CLASS" missed="0" covered="1" />
    </sourcefile>
    <sourcefile name="GetNetworkRange.ps1">
      <line nr="52" mi="0" ci="1" mb="0" cb="0" />
      <line nr="54" mi="0" ci="1" mb="0" cb="0" />
      <line nr="55" mi="0" ci="1" mb="0" cb="0" />
      <line nr="57" mi="0" ci="1" mb="0" cb="0" />
      <line nr="60" mi="0" ci="1" mb="0" cb="0" />
      <line nr="61" mi="0" ci="1" mb="0" cb="0" />
      <line nr="63" mi="0" ci="1" mb="0" cb="0" />
      <line nr="64" mi="0" ci="2" mb="0" cb="0" />
      <line nr="66" mi="0" ci="1" mb="0" cb="0" />
      <line nr="67" mi="0" ci="1" mb="0" cb="0" />
      <line nr="68" mi="0" ci="1" mb="0" cb="0" />
      <line nr="71" mi="0" ci="1" mb="0" cb="0" />
      <line nr="72" mi="0" ci="1" mb="0" cb="0" />
      <line nr="75" mi="0" ci="3" mb="0" cb="0" />
      <line nr="76" mi="0" ci="2" mb="0" cb="0" />
      <counter type="INSTRUCTION" missed="0" covered="19" />
      <counter type="LINE" missed="0" covered="15" />
      <counter type="METHOD" missed="0" covered="1" />
      <counter type="CLASS" missed="0" covered="1" />
    </sourcefile>
    <counter type="INSTRUCTION" missed="6" covered="52" />
    <counter type="LINE" missed="6" covered="46" />
    <counter type="METHOD" missed="0" covered="3" />
    <counter type="CLASS" missed="0" covered="3" />
  </package>
  <package name="src/FastPing/Public">
    <class name="src/FastPing/Public/Invoke-FastPing" sourcefilename="Invoke-FastPing.ps1">
      <method name="Invoke-FastPing" desc="()" line="106">
        <counter type="INSTRUCTION" missed="5" covered="78" />
        <counter type="LINE" missed="5" covered="66" />
        <counter type="METHOD" missed="0" covered="1" />
      </method>
      <counter type="INSTRUCTION" missed="5" covered="78" />
      <counter type="LINE" missed="5" covered="66" />
      <counter type="METHOD" missed="0" covered="1" />
      <counter type="CLASS" missed="0" covered="1" />
    </class>
    <class name="src/FastPing/Public/Invoke-PingSweep" sourcefilename="Invoke-PingSweep.ps1">
      <method name="Invoke-PingSweep" desc="()" line="49">
        <counter type="INSTRUCTION" missed="0" covered="21" />
        <counter type="LINE" missed="0" covered="16" />
        <counter type="METHOD" missed="0" covered="1" />
      </method>
      <counter type="INSTRUCTION" missed="0" covered="21" />
      <counter type="LINE" missed="0" covered="16" />
      <counter type="METHOD" missed="0" covered="1" />
      <counter type="CLASS" missed="0" covered="1" />
    </class>
    <sourcefile name="Invoke-FastPing.ps1">
      <line nr="106" mi="0" ci="1" mb="0" cb="0" />
      <line nr="107" mi="0" ci="1" mb="0" cb="0" />
      <line nr="108" mi="0" ci="1" mb="0" cb="0" />
      <line nr="111" mi="0" ci="1" mb="0" cb="0" />
      <line nr="116" mi="0" ci="1" mb="0" cb="0" />
      <line nr="117" mi="0" ci="1" mb="0" cb="0" />
      <line nr="120" mi="0" ci="1" mb="0" cb="0" />
      <line nr="121" mi="0" ci="1" mb="0" cb="0" />
      <line nr="122" mi="0" ci="1" mb="0" cb="0" />
      <line nr="125" mi="0" ci="1" mb="0" cb="0" />
      <line nr="126" mi="0" ci="1" mb="0" cb="0" />
      <line nr="127" mi="0" ci="1" mb="0" cb="0" />
      <line nr="130" mi="0" ci="1" mb="0" cb="0" />
      <line nr="132" mi="0" ci="1" mb="0" cb="0" />
      <line nr="133" mi="0" ci="1" mb="0" cb="0" />
      <line nr="135" mi="0" ci="1" mb="0" cb="0" />
      <line nr="136" mi="0" ci="1" mb="0" cb="0" />
      <line nr="138" mi="1" ci="0" mb="0" cb="0" />
      <line nr="144" mi="0" ci="3" mb="0" cb="0" />
      <line nr="145" mi="0" ci="1" mb="0" cb="0" />
      <line nr="146" mi="0" ci="1" mb="0" cb="0" />
      <line nr="147" mi="0" ci="1" mb="0" cb="0" />
      <line nr="148" mi="0" ci="1" mb="0" cb="0" />
      <line nr="149" mi="0" ci="1" mb="0" cb="0" />
      <line nr="155" mi="0" ci="4" mb="0" cb="0" />
      <line nr="158" mi="0" ci="2" mb="0" cb="0" />
      <line nr="160" mi="0" ci="1" mb="0" cb="0" />
      <line nr="164" mi="0" ci="1" mb="0" cb="0" />
      <line nr="166" mi="0" ci="1" mb="0" cb="0" />
      <line nr="167" mi="0" ci="1" mb="0" cb="0" />
      <line nr="169" mi="0" ci="1" mb="0" cb="0" />
      <line nr="170" mi="0" ci="1" mb="0" cb="0" />
      <line nr="171" mi="0" ci="1" mb="0" cb="0" />
      <line nr="172" mi="0" ci="1" mb="0" cb="0" />
      <line nr="173" mi="0" ci="1" mb="0" cb="0" />
      <line nr="176" mi="0" ci="1" mb="0" cb="0" />
      <line nr="177" mi="0" ci="1" mb="0" cb="0" />
      <line nr="178" mi="0" ci="1" mb="0" cb="0" />
      <line nr="182" mi="1" ci="0" mb="0" cb="0" />
      <line nr="183" mi="1" ci="0" mb="0" cb="0" />
      <line nr="184" mi="1" ci="0" mb="0" cb="0" />
      <line nr="188" mi="0" ci="1" mb="0" cb="0" />
      <line nr="189" mi="0" ci="1" mb="0" cb="0" />
      <line nr="195" mi="0" ci="1" mb="0" cb="0" />
      <line nr="196" mi="0" ci="1" mb="0" cb="0" />
      <line nr="197" mi="0" ci="1" mb="0" cb="0" />
      <line nr="198" mi="0" ci="1" mb="0" cb="0" />
      <line nr="199" mi="0" ci="1" mb="0" cb="0" />
      <line nr="201" mi="0" ci="1" mb="0" cb="0" />
      <line nr="202" mi="0" ci="1" mb="0" cb="0" />
      <line nr="203" mi="0" ci="1" mb="0" cb="0" />
      <line nr="204" mi="0" ci="1" mb="0" cb="0" />
      <line nr="208" mi="0" ci="1" mb="0" cb="0" />
      <line nr="209" mi="0" ci="1" mb="0" cb="0" />
      <line nr="210" mi="0" ci="1" mb="0" cb="0" />
      <line nr="211" mi="0" ci="2" mb="0" cb="0" />
      <line nr="212" mi="0" ci="3" mb="0" cb="0" />
      <line nr="214" mi="0" ci="1" mb="0" cb="0" />
      <line nr="215" mi="0" ci="1" mb="0" cb="0" />
      <line nr="218" mi="0" ci="2" mb="0" cb="0" />
      <line nr="219" mi="0" ci="3" mb="0" cb="0" />
      <line nr="221" mi="0" ci="1" mb="0" cb="0" />
      <line nr="222" mi="0" ci="1" mb="0" cb="0" />
      <line nr="224" mi="1" ci="0" mb="0" cb="0" />
      <line nr="228" mi="0" ci="1" mb="0" cb="0" />
      <line nr="239" mi="0" ci="1" mb="0" cb="0" />
      <line nr="241" mi="0" ci="1" mb="0" cb="0" />
      <line nr="242" mi="0" ci="1" mb="0" cb="0" />
      <line nr="243" mi="0" ci="1" mb="0" cb="0" />
      <line nr="244" mi="0" ci="1" mb="0" cb="0" />
      <line nr="253" mi="0" ci="1" mb="0" cb="0" />
      <counter type="INSTRUCTION" missed="5" covered="78" />
      <counter type="LINE" missed="5" covered="66" />
      <counter type="METHOD" missed="0" covered="1" />
      <counter type="CLASS" missed="0" covered="1" />
    </sourcefile>
    <sourcefile name="Invoke-PingSweep.ps1">
      <line nr="49" mi="0" ci="1" mb="0" cb="0" />
      <line nr="56" mi="0" ci="1" mb="0" cb="0" />
      <line nr="63" mi="0" ci="1" mb="0" cb="0" />
      <line nr="70" mi="0" ci="1" mb="0" cb="0" />
      <line nr="76" mi="0" ci="1" mb="0" cb="0" />
      <line nr="78" mi="0" ci="1" mb="0" cb="0" />
      <line nr="79" mi="0" ci="1" mb="0" cb="0" />
      <line nr="80" mi="0" ci="1" mb="0" cb="0" />
      <line nr="84" mi="0" ci="1" mb="0" cb="0" />
      <line nr="85" mi="0" ci="1" mb="0" cb="0" />
      <line nr="86" mi="0" ci="1" mb="0" cb="0" />
      <line nr="91" mi="0" ci="2" mb="0" cb="0" />
      <line nr="92" mi="0" ci="1" mb="0" cb="0" />
      <line nr="93" mi="0" ci="2" mb="0" cb="0" />
      <line nr="94" mi="0" ci="3" mb="0" cb="0" />
      <line nr="96" mi="0" ci="2" mb="0" cb="0" />
      <counter type="INSTRUCTION" missed="0" covered="21" />
      <counter type="LINE" missed="0" covered="16" />
      <counter type="METHOD" missed="0" covered="1" />
      <counter type="CLASS" missed="0" covered="1" />
    </sourcefile>
    <counter type="INSTRUCTION" missed="5" covered="99" />
    <counter type="LINE" missed="5" covered="82" />
    <counter type="METHOD" missed="0" covered="2" />
    <counter type="CLASS" missed="0" covered="2" />
  </package>
  <counter type="INSTRUCTION" missed="11" covered="174" />
  <counter type="LINE" missed="11" covered="144" />
  <counter type="METHOD" missed="0" covered="6" />
  <counter type="CLASS" missed="0" covered="6" />
</report>
