<?xml version="1.0" encoding="utf-8" standalone="no"?>
<testsuites xmlns:xsi="http://www.w3.org/2001/XMLSchema-instance" xsi:noNamespaceSchemaLocation="junit_schema_4.xsd" name="Pester" tests="93" errors="0" failures="12" disabled="0" time="24.693">
  <testsuite name="/mnt/c/Users/andrew/workspace/github-public/FastPing/src/Tests/Unit/ConvertToDecimalIP.Tests.ps1" tests="5" errors="0" failures="0" hostname="eldar" id="0" skipped="0" disabled="0" package="/mnt/c/Users/andrew/workspace/github-public/FastPing/src/Tests/Unit/ConvertToDecimalIP.Tests.ps1" time="1.745">
    <properties>
      <property name="machine-name" value="eldar" />
      <property name="framework-version" value="5.7.1" />
      <property name="clr-version" value="9.0.10" />
      <property name="junit-version" value="4" />
      <property name="cwd" value="/mnt/c/Users/andrew/workspace/github-public/FastPing/src/Tests/Unit" />
      <property name="os-version" value="6.6.87.2-microsoft-standard-WSL2" />
      <property name="user-domain" value="" />
      <property name="user" value="andrew" />
      <property name="platform" value="Linux" />
    </properties>
    <testcase name="ConvertToDecimalIP.Returns a unsigned 32-bit integer" status="Passed" classname="/mnt/c/Users/andrew/workspace/github-public/FastPing/src/Tests/Unit/ConvertToDecimalIP.Tests.ps1" assertions="0" time="0.075" />
    <testcase name="ConvertToDecimalIP.Converts 0.0.0.0 to 0" status="Passed" classname="/mnt/c/Users/andrew/workspace/github-public/FastPing/src/Tests/Unit/ConvertToDecimalIP.Tests.ps1" assertions="0" time="0.009" />
    <testcase name="ConvertToDecimalIP.Converts 255.255.255.255 to 4294967295" status="Passed" classname="/mnt/c/Users/andrew/workspace/github-public/FastPing/src/Tests/Unit/ConvertToDecimalIP.Tests.ps1" assertions="0" time="0.009" />
    <testcase name="ConvertToDecimalIP.Accepts pipeline input" status="Passed" classname="/mnt/c/Users/andrew/workspace/github-public/FastPing/src/Tests/Unit/ConvertToDecimalIP.Tests.ps1" assertions="0" time="0.003" />
    <testcase name="ConvertToDecimalIP.Throws an error if passed something other than an IPAddress" status="Passed" classname="/mnt/c/Users/andrew/workspace/github-public/FastPing/src/Tests/Unit/ConvertToDecimalIP.Tests.ps1" assertions="0" time="0.028" />
  </testsuite>
  <testsuite name="/mnt/c/Users/andrew/workspace/github-public/FastPing/src/Tests/Unit/ConvertToNetwork.tests.ps1" tests="8" errors="0" failures="0" hostname="eldar" id="1" skipped="0" disabled="0" package="/mnt/c/Users/andrew/workspace/github-public/FastPing/src/Tests/Unit/ConvertToNetwork.tests.ps1" time="1.493">
    <properties>
      <property name="machine-name" value="eldar" />
      <property name="framework-version" value="5.7.1" />
      <property name="clr-version" value="9.0.10" />
      <property name="junit-version" value="4" />
      <property name="cwd" value="/mnt/c/Users/andrew/workspace/github-public/FastPing/src/Tests/Unit" />
      <property name="os-version" value="6.6.87.2-microsoft-standard-WSL2" />
      <property name="user-domain" value="" />
      <property name="user" value="andrew" />
      <property name="platform" value="Linux" />
    </properties>
    <testcase name="ConvertToNetwork.Translates the string 0/0 to 0.0.0.0/0 (mask 0.0.0.0)" status="Passed" classname="/mnt/c/Users/andrew/workspace/github-public/FastPing/src/Tests/Unit/ConvertToNetwork.tests.ps1" assertions="0" time="0.043" />
    <testcase name="ConvertToNetwork.Translates the string 1.2/27 to 1.2.0.0/27 (mask 255.255.255.224)" status="Passed" classname="/mnt/c/Users/andrew/workspace/github-public/FastPing/src/Tests/Unit/ConvertToNetwork.tests.ps1" assertions="0" time="0.005" />
    <testcase name="ConvertToNetwork.Translates a string containing &quot;3.4.5 255.255.0.0&quot; to 3.4.5.0/16 (mask 255.255.0.0)" status="Passed" classname="/mnt/c/Users/andrew/workspace/github-public/FastPing/src/Tests/Unit/ConvertToNetwork.tests.ps1" assertions="0" time="0.009" />
    <testcase name="ConvertToNetwork.Translates IPAddress argument 1.2.3.4 and SubnetMask argument 24 to 1.2.3.4/24 (mask 255.255.255.0)" status="Passed" classname="/mnt/c/Users/andrew/workspace/github-public/FastPing/src/Tests/Unit/ConvertToNetwork.tests.ps1" assertions="0" time="0.009" />
    <testcase name="ConvertToNetwork.Translates IPAddress argument 212.44.56.21 and SubnetMask argument 255.255.128.0 to 212.44.56.21/17" status="Passed" classname="/mnt/c/Users/andrew/workspace/github-public/FastPing/src/Tests/Unit/ConvertToNetwork.tests.ps1" assertions="0" time="0.006" />
    <testcase name="ConvertToNetwork.Translates IPAddres argument 1.0.0.0 with no SubnetMask argument to 1.0.0.0/32 (mask 255.255.255.255)" status="Passed" classname="/mnt/c/Users/andrew/workspace/github-public/FastPing/src/Tests/Unit/ConvertToNetwork.tests.ps1" assertions="0" time="0.016" />
    <testcase name="ConvertToNetwork.Handles all MaskLength values" status="Passed" classname="/mnt/c/Users/andrew/workspace/github-public/FastPing/src/Tests/Unit/ConvertToNetwork.tests.ps1" assertions="0" time="0.069" />
    <testcase name="ConvertToNetwork.Handles all valid subnet mask values" status="Passed" classname="/mnt/c/Users/andrew/workspace/github-public/FastPing/src/Tests/Unit/ConvertToNetwork.tests.ps1" assertions="0" time="0.050" />
  </testsuite>
  <testsuite name="/mnt/c/Users/andrew/workspace/github-public/FastPing/src/Tests/Unit/ExportedFunctions.Tests.ps1" tests="14" errors="0" failures="11" hostname="eldar" id="2" skipped="0" disabled="0" package="/mnt/c/Users/andrew/workspace/github-public/FastPing/src/Tests/Unit/ExportedFunctions.Tests.ps1" time="2.519">
    <properties>
      <property name="machine-name" value="eldar" />
      <property name="framework-version" value="5.7.1" />
      <property name="clr-version" value="9.0.10" />
      <property name="junit-version" value="4" />
      <property name="cwd" value="/mnt/c/Users/andrew/workspace/github-public/FastPing/src/Tests/Unit" />
      <property name="os-version" value="6.6.87.2-microsoft-standard-WSL2" />
      <property name="user-domain" value="" />
      <property name="user" value="andrew" />
      <property name="platform" value="Linux" />
    </properties>
    <testcase name="FastPing.Exported Commands.Number of commands.Exports the same number of public functions as what is listed in the Module Manifest" status="Passed" classname="/mnt/c/Users/andrew/workspace/github-public/FastPing/src/Tests/Unit/ExportedFunctions.Tests.ps1" assertions="0" time="0.005" />
    <testcase name="FastPing.Exported Commands.Exported commands.Includes the Invoke-FastPing in the Module Manifest ExportedFunctions" status="Passed" classname="/mnt/c/Users/andrew/workspace/github-public/FastPing/src/Tests/Unit/ExportedFunctions.Tests.ps1" assertions="0" time="0.007" />
    <testcase name="FastPing.Exported Commands.Exported commands.Includes the Invoke-PingSweep in the Module Manifest ExportedFunctions" status="Passed" classname="/mnt/c/Users/andrew/workspace/github-public/FastPing/src/Tests/Unit/ExportedFunctions.Tests.ps1" assertions="0" time="0.006" />
    <testcase name="FastPing.Exported Commands.Exported aliases.Exports the Alias fp" status="Failed" classname="/mnt/c/Users/andrew/workspace/github-public/FastPing/src/Tests/Unit/ExportedFunctions.Tests.ps1" assertions="0" time="0.052">
      <failure message="RuntimeException: You cannot call a method on a null-valued expression.">at &lt;ScriptBlock&gt;, /mnt/c/Users/andrew/workspace/github-public/FastPing/src/Tests/Unit/ExportedFunctions.Tests.ps1:39</failure>
    </testcase>
    <testcase name="FastPing.Exported Commands.Exported aliases.Exports the Alias fping" status="Failed" classname="/mnt/c/Users/andrew/workspace/github-public/FastPing/src/Tests/Unit/ExportedFunctions.Tests.ps1" assertions="0" time="0.006">
      <failure message="RuntimeException: You cannot call a method on a null-valued expression.">at &lt;ScriptBlock&gt;, /mnt/c/Users/andrew/workspace/github-public/FastPing/src/Tests/Unit/ExportedFunctions.Tests.ps1:39</failure>
    </testcase>
    <testcase name="FastPing.Exported Commands.Exported aliases.Exports the Alias FastPing" status="Failed" classname="/mnt/c/Users/andrew/workspace/github-public/FastPing/src/Tests/Unit/ExportedFunctions.Tests.ps1" assertions="0" time="0.010">
      <failure message="RuntimeException: You cannot call a method on a null-valued expression.">at &lt;ScriptBlock&gt;, /mnt/c/Users/andrew/workspace/github-public/FastPing/src/Tests/Unit/ExportedFunctions.Tests.ps1:39</failure>
    </testcase>
    <testcase name="FastPing.Exported Commands.Exported aliases.Exports the Alias PingSweep" status="Failed" classname="/mnt/c/Users/andrew/workspace/github-public/FastPing/src/Tests/Unit/ExportedFunctions.Tests.ps1" assertions="0" time="0.016">
      <failure message="RuntimeException: You cannot call a method on a null-valued expression.">at &lt;ScriptBlock&gt;, /mnt/c/Users/andrew/workspace/github-public/FastPing/src/Tests/Unit/ExportedFunctions.Tests.ps1:39</failure>
    </testcase>
    <testcase name="FastPing.Exported Commands.Exported aliases.Exports the Alias psweep" status="Failed" classname="/mnt/c/Users/andrew/workspace/github-public/FastPing/src/Tests/Unit/ExportedFunctions.Tests.ps1" assertions="0" time="0.012">
      <failure message="RuntimeException: You cannot call a method on a null-valued expression.">at &lt;ScriptBlock&gt;, /mnt/c/Users/andrew/workspace/github-public/FastPing/src/Tests/Unit/ExportedFunctions.Tests.ps1:39</failure>
    </testcase>
    <testcase name="FastPing.Command Help.Invoke-FastPing.Includes a Synopsis" status="Failed" classname="/mnt/c/Users/andrew/workspace/github-public/FastPing/src/Tests/Unit/ExportedFunctions.Tests.ps1" assertions="0" time="0.036">
      <failure message="Expected a value, but got $null or empty.">at $help.Synopsis | Should -Not -BeNullOrEmpty, /mnt/c/Users/andrew/workspace/github-public/FastPing/src/Tests/Unit/ExportedFunctions.Tests.ps1:51
at &lt;ScriptBlock&gt;, /mnt/c/Users/andrew/workspace/github-public/FastPing/src/Tests/Unit/ExportedFunctions.Tests.ps1:51</failure>
    </testcase>
    <testcase name="FastPing.Command Help.Invoke-FastPing.Includes a Description" status="Failed" classname="/mnt/c/Users/andrew/workspace/github-public/FastPing/src/Tests/Unit/ExportedFunctions.Tests.ps1" assertions="0" time="0.017">
      <failure message="Expected a value, but got $null or empty.">at $help.description.Text | Should -Not -BeNullOrEmpty, /mnt/c/Users/andrew/workspace/github-public/FastPing/src/Tests/Unit/ExportedFunctions.Tests.ps1:55
at &lt;ScriptBlock&gt;, /mnt/c/Users/andrew/workspace/github-public/FastPing/src/Tests/Unit/ExportedFunctions.Tests.ps1:55</failure>
    </testcase>
    <testcase name="FastPing.Command Help.Invoke-FastPing.Includes at least one example" status="Failed" classname="/mnt/c/Users/andrew/workspace/github-public/FastPing/src/Tests/Unit/ExportedFunctions.Tests.ps1" assertions="0" time="0.023">
      <failure message="Expected the actual value to be greater than or equal to 1, but got 0.">at $help.examples.example.count | Should -BeGreaterOrEqual 1, /mnt/c/Users/andrew/workspace/github-public/FastPing/src/Tests/Unit/ExportedFunctions.Tests.ps1:59
at &lt;ScriptBlock&gt;, /mnt/c/Users/andrew/workspace/github-public/FastPing/src/Tests/Unit/ExportedFunctions.Tests.ps1:59</failure>
    </testcase>
    <testcase name="FastPing.Command Help.Invoke-PingSweep.Includes a Synopsis" status="Failed" classname="/mnt/c/Users/andrew/workspace/github-public/FastPing/src/Tests/Unit/ExportedFunctions.Tests.ps1" assertions="0" time="0.015">
      <failure message="Expected a value, but got $null or empty.">at $help.Synopsis | Should -Not -BeNullOrEmpty, /mnt/c/Users/andrew/workspace/github-public/FastPing/src/Tests/Unit/ExportedFunctions.Tests.ps1:51
at &lt;ScriptBlock&gt;, /mnt/c/Users/andrew/workspace/github-public/FastPing/src/Tests/Unit/ExportedFunctions.Tests.ps1:51</failure>
    </testcase>
    <testcase name="FastPing.Command Help.Invoke-PingSweep.Includes a Description" status="Failed" classname="/mnt/c/Users/andrew/workspace/github-public/FastPing/src/Tests/Unit/ExportedFunctions.Tests.ps1" assertions="0" time="0.012">
      <failure message="Expected a value, but got $null or empty.">at $help.description.Text | Should -Not -BeNullOrEmpty, /mnt/c/Users/andrew/workspace/github-public/FastPing/src/Tests/Unit/ExportedFunctions.Tests.ps1:55
at &lt;ScriptBlock&gt;, /mnt/c/Users/andrew/workspace/github-public/FastPing/src/Tests/Unit/ExportedFunctions.Tests.ps1:55</failure>
    </testcase>
    <testcase name="FastPing.Command Help.Invoke-PingSweep.Includes at least one example" status="Failed" classname="/mnt/c/Users/andrew/workspace/github-public/FastPing/src/Tests/Unit/ExportedFunctions.Tests.ps1" assertions="0" time="0.011">
      <failure message="Expected the actual value to be greater than or equal to 1, but got 0.">at $help.examples.example.count | Should -BeGreaterOrEqual 1, /mnt/c/Users/andrew/workspace/github-public/FastPing/src/Tests/Unit/ExportedFunctions.Tests.ps1:59
at &lt;ScriptBlock&gt;, /mnt/c/Users/andrew/workspace/github-public/FastPing/src/Tests/Unit/ExportedFunctions.Tests.ps1:59</failure>
    </testcase>
  </testsuite>
  <testsuite name="/mnt/c/Users/andrew/workspace/github-public/FastPing/src/Tests/Unit/GetNetworkRange.tests.ps1" tests="5" errors="0" failures="0" hostname="eldar" id="3" skipped="0" disabled="0" package="/mnt/c/Users/andrew/workspace/github-public/FastPing/src/Tests/Unit/GetNetworkRange.tests.ps1" time="1.278">
    <properties>
      <property name="machine-name" value="eldar" />
      <property name="framework-version" value="5.7.1" />
      <property name="clr-version" value="9.0.10" />
      <property name="junit-version" value="4" />
      <property name="cwd" value="/mnt/c/Users/andrew/workspace/github-public/FastPing/src/Tests/Unit" />
      <property name="os-version" value="6.6.87.2-microsoft-standard-WSL2" />
      <property name="user-domain" value="" />
      <property name="user" value="andrew" />
      <property name="platform" value="Linux" />
    </properties>
    <testcase name="GetNetworkRange.Returns an array of IPAddress" status="Passed" classname="/mnt/c/Users/andrew/workspace/github-public/FastPing/src/Tests/Unit/GetNetworkRange.tests.ps1" assertions="0" time="0.021" />
    <testcase name="GetNetworkRange.Returns 255.255.255.255 when passed 255.255.255.255/32" status="Passed" classname="/mnt/c/Users/andrew/workspace/github-public/FastPing/src/Tests/Unit/GetNetworkRange.tests.ps1" assertions="0" time="0.014" />
    <testcase name="GetNetworkRange.Accepts pipeline input" status="Passed" classname="/mnt/c/Users/andrew/workspace/github-public/FastPing/src/Tests/Unit/GetNetworkRange.tests.ps1" assertions="0" time="0.005" />
    <testcase name="GetNetworkRange.Throws an error if passed something other than an IPAddress" status="Passed" classname="/mnt/c/Users/andrew/workspace/github-public/FastPing/src/Tests/Unit/GetNetworkRange.tests.ps1" assertions="0" time="0.020" />
    <testcase name="GetNetworkRange.Returns correct values when used with Start and End parameters" status="Passed" classname="/mnt/c/Users/andrew/workspace/github-public/FastPing/src/Tests/Unit/GetNetworkRange.tests.ps1" assertions="0" time="0.012" />
  </testsuite>
  <testsuite name="/mnt/c/Users/andrew/workspace/github-public/FastPing/src/Tests/Unit/Invoke-FastPing.Logic.Tests.ps1" tests="24" errors="0" failures="0" hostname="eldar" id="4" skipped="0" disabled="0" package="/mnt/c/Users/andrew/workspace/github-public/FastPing/src/Tests/Unit/Invoke-FastPing.Logic.Tests.ps1" time="1.502">
    <properties>
      <property name="machine-name" value="eldar" />
      <property name="framework-version" value="5.7.1" />
      <property name="clr-version" value="9.0.10" />
      <property name="junit-version" value="4" />
      <property name="cwd" value="/mnt/c/Users/andrew/workspace/github-public/FastPing/src/Tests/Unit" />
      <property name="os-version" value="6.6.87.2-microsoft-standard-WSL2" />
      <property name="user-domain" value="" />
      <property name="user" value="andrew" />
      <property name="platform" value="Linux" />
    </properties>
    <testcase name="Invoke-FastPing Internal Logic.Queue Processing Logic.Processes all queued ping operations" status="Passed" classname="/mnt/c/Users/andrew/workspace/github-public/FastPing/src/Tests/Unit/Invoke-FastPing.Logic.Tests.ps1" assertions="0" time="0.007" />
    <testcase name="Invoke-FastPing Internal Logic.Queue Processing Logic.Handles completed async operations correctly" status="Passed" classname="/mnt/c/Users/andrew/workspace/github-public/FastPing/src/Tests/Unit/Invoke-FastPing.Logic.Tests.ps1" assertions="0" time="0.013" />
    <testcase name="Invoke-FastPing Internal Logic.Queue Processing Logic.Re-queues incomplete operations" status="Passed" classname="/mnt/c/Users/andrew/workspace/github-public/FastPing/src/Tests/Unit/Invoke-FastPing.Logic.Tests.ps1" assertions="0" time="0.020" />
    <testcase name="Invoke-FastPing Internal Logic.Statistics Calculation Logic.Calculates average roundtrip time correctly" status="Passed" classname="/mnt/c/Users/andrew/workspace/github-public/FastPing/src/Tests/Unit/Invoke-FastPing.Logic.Tests.ps1" assertions="0" time="0.009" />
    <testcase name="Invoke-FastPing Internal Logic.Statistics Calculation Logic.Calculates packet loss percentage correctly" status="Passed" classname="/mnt/c/Users/andrew/workspace/github-public/FastPing/src/Tests/Unit/Invoke-FastPing.Logic.Tests.ps1" assertions="0" time="0.004" />
    <testcase name="Invoke-FastPing Internal Logic.Statistics Calculation Logic.Handles zero received packets" status="Passed" classname="/mnt/c/Users/andrew/workspace/github-public/FastPing/src/Tests/Unit/Invoke-FastPing.Logic.Tests.ps1" assertions="0" time="0.004" />
    <testcase name="Invoke-FastPing Internal Logic.Statistics Calculation Logic.Sorts latencies for percentile calculation" status="Passed" classname="/mnt/c/Users/andrew/workspace/github-public/FastPing/src/Tests/Unit/Invoke-FastPing.Logic.Tests.ps1" assertions="0" time="0.005" />
    <testcase name="Invoke-FastPing Internal Logic.Statistics Calculation Logic.Calculates p90 correctly" status="Passed" classname="/mnt/c/Users/andrew/workspace/github-public/FastPing/src/Tests/Unit/Invoke-FastPing.Logic.Tests.ps1" assertions="0" time="0.009" />
    <testcase name="Invoke-FastPing Internal Logic.Collection Management.Hashtable stores results per host" status="Passed" classname="/mnt/c/Users/andrew/workspace/github-public/FastPing/src/Tests/Unit/Invoke-FastPing.Logic.Tests.ps1" assertions="0" time="0.016" />
    <testcase name="Invoke-FastPing Internal Logic.Collection Management.ArrayList accumulates ping results" status="Passed" classname="/mnt/c/Users/andrew/workspace/github-public/FastPing/src/Tests/Unit/Invoke-FastPing.Logic.Tests.ps1" assertions="0" time="0.004" />
    <testcase name="Invoke-FastPing Internal Logic.Collection Management.Queue maintains FIFO order" status="Passed" classname="/mnt/c/Users/andrew/workspace/github-public/FastPing/src/Tests/Unit/Invoke-FastPing.Logic.Tests.ps1" assertions="0" time="0.004" />
    <testcase name="Invoke-FastPing Internal Logic.Timing and Interval Logic.Stopwatch measures elapsed time" status="Passed" classname="/mnt/c/Users/andrew/workspace/github-public/FastPing/src/Tests/Unit/Invoke-FastPing.Logic.Tests.ps1" assertions="0" time="0.058" />
    <testcase name="Invoke-FastPing Internal Logic.Timing and Interval Logic.Calculates sleep time correctly" status="Passed" classname="/mnt/c/Users/andrew/workspace/github-public/FastPing/src/Tests/Unit/Invoke-FastPing.Logic.Tests.ps1" assertions="0" time="0.002" />
    <testcase name="Invoke-FastPing Internal Logic.Timing and Interval Logic.Skips sleep when elapsed exceeds interval" status="Passed" classname="/mnt/c/Users/andrew/workspace/github-public/FastPing/src/Tests/Unit/Invoke-FastPing.Logic.Tests.ps1" assertions="0" time="0.002" />
    <testcase name="Invoke-FastPing Internal Logic.Status Determination Logic.Sets online=true when packets received" status="Passed" classname="/mnt/c/Users/andrew/workspace/github-public/FastPing/src/Tests/Unit/Invoke-FastPing.Logic.Tests.ps1" assertions="0" time="0.005" />
    <testcase name="Invoke-FastPing Internal Logic.Status Determination Logic.Sets online=false when no packets received" status="Passed" classname="/mnt/c/Users/andrew/workspace/github-public/FastPing/src/Tests/Unit/Invoke-FastPing.Logic.Tests.ps1" assertions="0" time="0.002" />
    <testcase name="Invoke-FastPing Internal Logic.Status Determination Logic.Uses Success status when online" status="Passed" classname="/mnt/c/Users/andrew/workspace/github-public/FastPing/src/Tests/Unit/Invoke-FastPing.Logic.Tests.ps1" assertions="0" time="0.004" />
    <testcase name="Invoke-FastPing Internal Logic.Status Determination Logic.Groups statuses and selects most common" status="Passed" classname="/mnt/c/Users/andrew/workspace/github-public/FastPing/src/Tests/Unit/Invoke-FastPing.Logic.Tests.ps1" assertions="0" time="0.004" />
    <testcase name="Invoke-FastPing Internal Logic.Loop Control Logic.Increments loop counter" status="Passed" classname="/mnt/c/Users/andrew/workspace/github-public/FastPing/src/Tests/Unit/Invoke-FastPing.Logic.Tests.ps1" assertions="0" time="0.005" />
    <testcase name="Invoke-FastPing Internal Logic.Loop Control Logic.Continues when counter less than count" status="Passed" classname="/mnt/c/Users/andrew/workspace/github-public/FastPing/src/Tests/Unit/Invoke-FastPing.Logic.Tests.ps1" assertions="0" time="0.002" />
    <testcase name="Invoke-FastPing Internal Logic.Loop Control Logic.Stops when counter reaches count" status="Passed" classname="/mnt/c/Users/andrew/workspace/github-public/FastPing/src/Tests/Unit/Invoke-FastPing.Logic.Tests.ps1" assertions="0" time="0.002" />
    <testcase name="Invoke-FastPing Internal Logic.Loop Control Logic.Continues indefinitely when Continuous is true" status="Passed" classname="/mnt/c/Users/andrew/workspace/github-public/FastPing/src/Tests/Unit/Invoke-FastPing.Logic.Tests.ps1" assertions="0" time="0.002" />
    <testcase name="Invoke-FastPing Internal Logic.IPv4 Regex Pattern.Matches valid IPv4 address" status="Passed" classname="/mnt/c/Users/andrew/workspace/github-public/FastPing/src/Tests/Unit/Invoke-FastPing.Logic.Tests.ps1" assertions="0" time="0.007" />
    <testcase name="Invoke-FastPing Internal Logic.IPv4 Regex Pattern.Does not match invalid IPv4 address" status="Passed" classname="/mnt/c/Users/andrew/workspace/github-public/FastPing/src/Tests/Unit/Invoke-FastPing.Logic.Tests.ps1" assertions="0" time="0.003" />
  </testsuite>
  <testsuite name="/mnt/c/Users/andrew/workspace/github-public/FastPing/src/Tests/Unit/Invoke-FastPing.Tests.ps1" tests="31" errors="0" failures="0" hostname="eldar" id="5" skipped="0" disabled="0" package="/mnt/c/Users/andrew/workspace/github-public/FastPing/src/Tests/Unit/Invoke-FastPing.Tests.ps1" time="3.190">
    <properties>
      <property name="machine-name" value="eldar" />
      <property name="framework-version" value="5.7.1" />
      <property name="clr-version" value="9.0.10" />
      <property name="junit-version" value="4" />
      <property name="cwd" value="/mnt/c/Users/andrew/workspace/github-public/FastPing/src/Tests/Unit" />
      <property name="os-version" value="6.6.87.2-microsoft-standard-WSL2" />
      <property name="user-domain" value="" />
      <property name="user" value="andrew" />
      <property name="platform" value="Linux" />
    </properties>
    <testcase name="Invoke-FastPing.Default Tests.Returned object properties are of the correct type.Has the HostName property" status="Passed" classname="/mnt/c/Users/andrew/workspace/github-public/FastPing/src/Tests/Unit/Invoke-FastPing.Tests.ps1" assertions="0" time="0.019" />
    <testcase name="Invoke-FastPing.Default Tests.Returned object properties are of the correct type.Has the RoundtripAverage property" status="Passed" classname="/mnt/c/Users/andrew/workspace/github-public/FastPing/src/Tests/Unit/Invoke-FastPing.Tests.ps1" assertions="0" time="0.008" />
    <testcase name="Invoke-FastPing.Default Tests.Returned object properties are of the correct type.Has the Online property" status="Passed" classname="/mnt/c/Users/andrew/workspace/github-public/FastPing/src/Tests/Unit/Invoke-FastPing.Tests.ps1" assertions="0" time="0.008" />
    <testcase name="Invoke-FastPing.Default Tests.Returned object properties are of the correct type.Has the Status property" status="Passed" classname="/mnt/c/Users/andrew/workspace/github-public/FastPing/src/Tests/Unit/Invoke-FastPing.Tests.ps1" assertions="0" time="0.006" />
    <testcase name="Invoke-FastPing.Default Tests.Returned object properties are of the correct type.Has the Sent property" status="Passed" classname="/mnt/c/Users/andrew/workspace/github-public/FastPing/src/Tests/Unit/Invoke-FastPing.Tests.ps1" assertions="0" time="0.008" />
    <testcase name="Invoke-FastPing.Default Tests.Returned object properties are of the correct type.Has the Received property" status="Passed" classname="/mnt/c/Users/andrew/workspace/github-public/FastPing/src/Tests/Unit/Invoke-FastPing.Tests.ps1" assertions="0" time="0.004" />
    <testcase name="Invoke-FastPing.Default Tests.Returned object properties are of the correct type.Has the Lost property" status="Passed" classname="/mnt/c/Users/andrew/workspace/github-public/FastPing/src/Tests/Unit/Invoke-FastPing.Tests.ps1" assertions="0" time="0.004" />
    <testcase name="Invoke-FastPing.Default Tests.Returned object properties are of the correct type.Has the PercentLost property" status="Passed" classname="/mnt/c/Users/andrew/workspace/github-public/FastPing/src/Tests/Unit/Invoke-FastPing.Tests.ps1" assertions="0" time="0.011" />
    <testcase name="Invoke-FastPing.Default Tests.Returned object properties are of the correct type.Has the Min property" status="Passed" classname="/mnt/c/Users/andrew/workspace/github-public/FastPing/src/Tests/Unit/Invoke-FastPing.Tests.ps1" assertions="0" time="0.005" />
    <testcase name="Invoke-FastPing.Default Tests.Returned object properties are of the correct type.Has the p50 property" status="Passed" classname="/mnt/c/Users/andrew/workspace/github-public/FastPing/src/Tests/Unit/Invoke-FastPing.Tests.ps1" assertions="0" time="0.006" />
    <testcase name="Invoke-FastPing.Default Tests.Returned object properties are of the correct type.Has the p90 property" status="Passed" classname="/mnt/c/Users/andrew/workspace/github-public/FastPing/src/Tests/Unit/Invoke-FastPing.Tests.ps1" assertions="0" time="0.009" />
    <testcase name="Invoke-FastPing.Default Tests.Returned object properties are of the correct type.Has the Max property" status="Passed" classname="/mnt/c/Users/andrew/workspace/github-public/FastPing/src/Tests/Unit/Invoke-FastPing.Tests.ps1" assertions="0" time="0.004" />
    <testcase name="Invoke-FastPing.Default Tests.Returned object properties are of the correct type.Has the RawValues property" status="Passed" classname="/mnt/c/Users/andrew/workspace/github-public/FastPing/src/Tests/Unit/Invoke-FastPing.Tests.ps1" assertions="0" time="0.008" />
    <testcase name="Invoke-FastPing.Default Tests.Returns good values for an online host.Has the HostName property" status="Passed" classname="/mnt/c/Users/andrew/workspace/github-public/FastPing/src/Tests/Unit/Invoke-FastPing.Tests.ps1" assertions="0" time="0.003" />
    <testcase name="Invoke-FastPing.Default Tests.Returns good values for an online host.Has the RoundtripAverage property" status="Passed" classname="/mnt/c/Users/andrew/workspace/github-public/FastPing/src/Tests/Unit/Invoke-FastPing.Tests.ps1" assertions="0" time="0.003" />
    <testcase name="Invoke-FastPing.Default Tests.Returns good values for an online host.Has the Online property" status="Passed" classname="/mnt/c/Users/andrew/workspace/github-public/FastPing/src/Tests/Unit/Invoke-FastPing.Tests.ps1" assertions="0" time="0.002" />
    <testcase name="Invoke-FastPing.Default Tests.Returns good values for an online host.Has the Status property" status="Passed" classname="/mnt/c/Users/andrew/workspace/github-public/FastPing/src/Tests/Unit/Invoke-FastPing.Tests.ps1" assertions="0" time="0.003" />
    <testcase name="Invoke-FastPing.Default Tests.Returns good values for an offline host.Has the HostName property" status="Passed" classname="/mnt/c/Users/andrew/workspace/github-public/FastPing/src/Tests/Unit/Invoke-FastPing.Tests.ps1" assertions="0" time="0.003" />
    <testcase name="Invoke-FastPing.Default Tests.Returns good values for an offline host.Has the RoundtripAverage property" status="Passed" classname="/mnt/c/Users/andrew/workspace/github-public/FastPing/src/Tests/Unit/Invoke-FastPing.Tests.ps1" assertions="0" time="0.004" />
    <testcase name="Invoke-FastPing.Default Tests.Returns good values for an offline host.Has the Online property" status="Passed" classname="/mnt/c/Users/andrew/workspace/github-public/FastPing/src/Tests/Unit/Invoke-FastPing.Tests.ps1" assertions="0" time="0.005" />
    <testcase name="Invoke-FastPing.Default Tests.Returns good values for an offline host.Has the Status property" status="Passed" classname="/mnt/c/Users/andrew/workspace/github-public/FastPing/src/Tests/Unit/Invoke-FastPing.Tests.ps1" assertions="0" time="0.007" />
    <testcase name="Invoke-FastPing.Default Tests.Returns good values for an offline host.Has the PercentLost property" status="Passed" classname="/mnt/c/Users/andrew/workspace/github-public/FastPing/src/Tests/Unit/Invoke-FastPing.Tests.ps1" assertions="0" time="0.008" />
    <testcase name="Invoke-FastPing.Default Tests.RoundTripAverage Values.Returns a RoundTripAverage of zero when the ping is too fast to average" status="Passed" classname="/mnt/c/Users/andrew/workspace/github-public/FastPing/src/Tests/Unit/Invoke-FastPing.Tests.ps1" assertions="0" time="0.016" />
    <testcase name="Invoke-FastPing.Default Tests.Accepts an array of HostName values.Returns the correct number of objects" status="Passed" classname="/mnt/c/Users/andrew/workspace/github-public/FastPing/src/Tests/Unit/Invoke-FastPing.Tests.ps1" assertions="0" time="0.003" />
    <testcase name="Invoke-FastPing.Default Tests.Accepts an array of HostName values.Returns the correct number of online objects" status="Passed" classname="/mnt/c/Users/andrew/workspace/github-public/FastPing/src/Tests/Unit/Invoke-FastPing.Tests.ps1" assertions="0" time="0.016" />
    <testcase name="Invoke-FastPing.Default Tests.Accepts an array of HostName values.Returns the correct number of offline objects" status="Passed" classname="/mnt/c/Users/andrew/workspace/github-public/FastPing/src/Tests/Unit/Invoke-FastPing.Tests.ps1" assertions="0" time="0.003" />
    <testcase name="Invoke-FastPing.Count Tests.Returned 2 results" status="Passed" classname="/mnt/c/Users/andrew/workspace/github-public/FastPing/src/Tests/Unit/Invoke-FastPing.Tests.ps1" assertions="0" time="0.029" />
    <testcase name="Invoke-FastPing.Count Tests.Returned 5 results" status="Passed" classname="/mnt/c/Users/andrew/workspace/github-public/FastPing/src/Tests/Unit/Invoke-FastPing.Tests.ps1" assertions="0" time="0.074" />
    <testcase name="Invoke-FastPing.TimedOut Tests.Returned TimedOut status" status="Passed" classname="/mnt/c/Users/andrew/workspace/github-public/FastPing/src/Tests/Unit/Invoke-FastPing.Tests.ps1" assertions="0" time="0.597" />
    <testcase name="Invoke-FastPing.Interval Tests.Execution time greater than 100 when Interval is 50" status="Passed" classname="/mnt/c/Users/andrew/workspace/github-public/FastPing/src/Tests/Unit/Invoke-FastPing.Tests.ps1" assertions="0" time="0.114" />
    <testcase name="Invoke-FastPing.Interval Tests.Execution time greater than 350 when Interval is 200" status="Passed" classname="/mnt/c/Users/andrew/workspace/github-public/FastPing/src/Tests/Unit/Invoke-FastPing.Tests.ps1" assertions="0" time="0.411" />
  </testsuite>
  <testsuite name="/mnt/c/Users/andrew/workspace/github-public/FastPing/src/Tests/Unit/Invoke-PingSweep.Tests.ps1" tests="6" errors="0" failures="1" hostname="eldar" id="6" skipped="0" disabled="0" package="/mnt/c/Users/andrew/workspace/github-public/FastPing/src/Tests/Unit/Invoke-PingSweep.Tests.ps1" time="12.966">
    <properties>
      <property name="machine-name" value="eldar" />
      <property name="framework-version" value="5.7.1" />
      <property name="clr-version" value="9.0.10" />
      <property name="junit-version" value="4" />
      <property name="cwd" value="/mnt/c/Users/andrew/workspace/github-public/FastPing/src/Tests/Unit" />
      <property name="os-version" value="6.6.87.2-microsoft-standard-WSL2" />
      <property name="user-domain" value="" />
      <property name="user" value="andrew" />
      <property name="platform" value="Linux" />
    </properties>
    <testcase name="Invoke-PingSweep.Ping Sweep Tests.Supports ping sweeps: Count 2" status="Passed" classname="/mnt/c/Users/andrew/workspace/github-public/FastPing/src/Tests/Unit/Invoke-PingSweep.Tests.ps1" assertions="0" time="0.023" />
    <testcase name="Invoke-PingSweep.Ping Sweep Tests.Supports ping sweeps: Count 10" status="Passed" classname="/mnt/c/Users/andrew/workspace/github-public/FastPing/src/Tests/Unit/Invoke-PingSweep.Tests.ps1" assertions="0" time="0.054" />
    <testcase name="Invoke-PingSweep.Ping Sweep Tests.Supports ping sweeps from IPAddress and SubnetMask: Count 254" status="Passed" classname="/mnt/c/Users/andrew/workspace/github-public/FastPing/src/Tests/Unit/Invoke-PingSweep.Tests.ps1" assertions="0" time="6.510" />
    <testcase name="Invoke-PingSweep.Ping Sweep Tests.Supports ping sweeps from IPAddress and SubnetMask: Count 14" status="Passed" classname="/mnt/c/Users/andrew/workspace/github-public/FastPing/src/Tests/Unit/Invoke-PingSweep.Tests.ps1" assertions="0" time="5.058" />
    <testcase name="Invoke-PingSweep.Ping Sweep Tests.Supports ping sweeps from IPAddress and SubnetMask: Count 2" status="Passed" classname="/mnt/c/Users/andrew/workspace/github-public/FastPing/src/Tests/Unit/Invoke-PingSweep.Tests.ps1" assertions="0" time="0.019" />
    <testcase name="Invoke-PingSweep.Ping Sweep Tests.Supports ping sweeps with online only responses" status="Failed" classname="/mnt/c/Users/andrew/workspace/github-public/FastPing/src/Tests/Unit/Invoke-PingSweep.Tests.ps1" assertions="0" time="0.083">
      <failure message="Expected exactly 19, but got 20.">at $assertion.Count | Should -BeExactly $ExpectedCount, /mnt/c/Users/andrew/workspace/github-public/FastPing/src/Tests/Unit/Invoke-PingSweep.Tests.ps1:84
at &lt;ScriptBlock&gt;, /mnt/c/Users/andrew/workspace/github-public/FastPing/src/Tests/Unit/Invoke-PingSweep.Tests.ps1:84</failure>
    </testcase>
  </testsuite>
</testsuites>